<?xml version="1.0" encoding="UTF-8"?>
<!-- Generated by org.testng.reporters.JUnitReportReporter -->
<testsuite skipped="0" hostname="DESKTOP-E9J5S4H" name="com.iNetBanking.testCases.TC_AddCustomerTest_003" tests="1" failures="0" timestamp="05 Mar 2023 12:33:54 GMT" time="38.835" errors="0">
  <testcase name="addNewCustomer" time="38.835" classname="com.iNetBanking.testCases.TC_AddCustomerTest_003"/>
</testsuite> <!-- com.iNetBanking.testCases.TC_AddCustomerTest_003 -->
